<!DOCTYPE html>

<html>
  <head>
  <meta charset='utf-8'>
  <title>TestNG reports</title>

    <link type="text/css" href="testng-reports1.css" rel="stylesheet" id="ultra" />
    <link type="text/css" href="testng-reports.css" rel="stylesheet" id="retro" disabled="false"/>
    <script type="text/javascript" src="jquery-3.6.0.min.js"></script>
    <script type="text/javascript" src="testng-reports.js"></script>
    <script type="text/javascript" src="https://www.google.com/jsapi"></script>
    <script type='text/javascript'>
      google.load('visualization', '1', {packages:['table']});
      google.setOnLoadCallback(drawTable);
      var suiteTableInitFunctions = new Array();
      var suiteTableData = new Array();
    </script>
    <!--
      <script type="text/javascript" src="jquery-ui/js/jquery-ui-1.8.16.custom.min.js"></script>
     -->
  </head>

  <body>    <div class="top-banner-root">
      <span class="top-banner-title-font">Test results</span>
      <button id="button" class="button">Switch Retro Theme</button> <!-- button -->
      <br/>
      <span class="top-banner-font-1">1 suite, 4 failed tests</span>
    </div> <!-- top-banner-root -->
    <div class="navigator-root">
      <div class="navigator-suite-header">
        <span>All suites</span>
        <a href="#" title="Collapse/expand all the suites" class="collapse-all-link">
          <img src="collapseall.gif" class="collapse-all-icon">
          </img> <!-- collapse-all-icon -->
        </a> <!-- collapse-all-link -->
      </div> <!-- navigator-suite-header -->
      <div class="suite">
        <div class="rounded-window">
          <div class="suite-header light-rounded-window-top">
            <a href="#" panel-name="suite-Regression_Suite" class="navigator-link">
              <span class="suite-name border-failed">Regression Suite</span>
            </a> <!-- navigator-link -->
          </div> <!-- suite-header light-rounded-window-top -->
          <div class="navigator-suite-content">
            <div class="suite-section-title">
              <span>Info</span>
            </div> <!-- suite-section-title -->
            <div class="suite-section-content">
              <ul>
                <li>
                  <a href="#" panel-name="test-xml-Regression_Suite" class="navigator-link ">
                    <span>C:\Users\User\eclipse-workspace\DecemberBatch\packageLevelExecution.xml</span>
                  </a> <!-- navigator-link  -->
                </li>
                <li>
                  <a href="#" panel-name="testlist-Regression_Suite" class="navigator-link ">
                    <span class="test-stats">1 test</span>
                  </a> <!-- navigator-link  -->
                </li>
                <li>
                  <a href="#" panel-name="group-Regression_Suite" class="navigator-link ">
                    <span>0 groups</span>
                  </a> <!-- navigator-link  -->
                </li>
                <li>
                  <a href="#" panel-name="times-Regression_Suite" class="navigator-link ">
                    <span>Times</span>
                  </a> <!-- navigator-link  -->
                </li>
                <li>
                  <a href="#" panel-name="reporter-Regression_Suite" class="navigator-link ">
                    <span>Reporter output</span>
                  </a> <!-- navigator-link  -->
                </li>
                <li>
                  <a href="#" panel-name="ignored-methods-Regression_Suite" class="navigator-link ">
                    <span>Ignored methods</span>
                  </a> <!-- navigator-link  -->
                </li>
                <li>
                  <a href="#" panel-name="chronological-Regression_Suite" class="navigator-link ">
                    <span>Chronological view</span>
                  </a> <!-- navigator-link  -->
                </li>
              </ul>
            </div> <!-- suite-section-content -->
            <div class="result-section">
              <div class="suite-section-title">
                <span>Results</span>
              </div> <!-- suite-section-title -->
              <div class="suite-section-content">
                <ul>
                  <li>
                    <span class="method-stats">13 methods, 4 failed,   9 passed</span>
                  </li>
                  <li>
                    <span class="method-list-title failed">Failed methods</span>
                    <span class="show-or-hide-methods failed">
                      <a href="#" panel-name="suite-Regression_Suite" class="hide-methods failed suite-Regression_Suite"> (hide)</a> <!-- hide-methods failed suite-Regression_Suite -->
                      <a href="#" panel-name="suite-Regression_Suite" class="show-methods failed suite-Regression_Suite"> (show)</a> <!-- show-methods failed suite-Regression_Suite -->
                    </span>
                    <div class="method-list-content failed suite-Regression_Suite">
                      <span>
                        <img src="failed.png" width="3%"/>
                        <a href="#" panel-name="suite-Regression_Suite" title="testPkg.HomePageTest" class="method navigator-link" hash-for-method="homepageMenuLinkTest(Clinic)">homepageMenuLinkTest(Clinic)</a> <!-- method navigator-link -->
                      </span>
                      <br/>
                      <span>
                        <img src="failed.png" width="3%"/>
                        <a href="#" panel-name="suite-Regression_Suite" title="testPkg.HomePageTest" class="method navigator-link" hash-for-method="homepageMenuLinkTest(Music)">homepageMenuLinkTest(Music)</a> <!-- method navigator-link -->
                      </span>
                      <br/>
                      <span>
                        <img src="failed.png" width="3%"/>
                        <a href="#" panel-name="suite-Regression_Suite" title="testPkg.SearchFunctionalityTest" class="method navigator-link" hash-for-method="negativeSearchFunctionalityDataDrivenTestHittingEnterKey(*^(*^*(^*@^*@(*89898342230957329523890)">negativeSearchFunctionalityDataDrivenTestHittingEnterKey(*^(*^*(^*@^*@(*89898342230957329523890)</a> <!-- method navigator-link -->
                      </span>
                      <br/>
                      <span>
                        <img src="failed.png" width="3%"/>
                        <a href="#" panel-name="suite-Regression_Suite" title="testPkg.SearchFunctionalityTest" class="method navigator-link" hash-for-method="positiveSearchFunctionalityDataDrivenTestClickSearchBtn(samsung)">positiveSearchFunctionalityDataDrivenTestClickSearchBtn(samsung)</a> <!-- method navigator-link -->
                      </span>
                      <br/>
                    </div> <!-- method-list-content failed suite-Regression_Suite -->
                  </li>
                  <li>
                    <span class="method-list-title passed">Passed methods</span>
                    <span class="show-or-hide-methods passed">
                      <a href="#" panel-name="suite-Regression_Suite" class="hide-methods passed suite-Regression_Suite"> (hide)</a> <!-- hide-methods passed suite-Regression_Suite -->
                      <a href="#" panel-name="suite-Regression_Suite" class="show-methods passed suite-Regression_Suite"> (show)</a> <!-- show-methods passed suite-Regression_Suite -->
                    </span>
                    <div class="method-list-content passed suite-Regression_Suite">
                      <span>
                        <img src="passed.png" width="3%"/>
                        <a href="#" panel-name="suite-Regression_Suite" title="testPkg.HomePageTest" class="method navigator-link" hash-for-method="homepageMenuLinkTest(Books)">homepageMenuLinkTest(Books)</a> <!-- method navigator-link -->
                      </span>
                      <br/>
                      <span>
                        <img src="passed.png" width="3%"/>
                        <a href="#" panel-name="suite-Regression_Suite" title="testPkg.SearchFunctionalityTest" class="method navigator-link" hash-for-method="negativeSearchFunctionalityDataDrivenTestClickingSearchBtn(*^(*^*(^*@^*@(*89898342230957329523890)">negativeSearchFunctionalityDataDrivenTestClickingSearchBtn(*^(*^*(^*@^*@(*89898342230957329523890)</a> <!-- method navigator-link -->
                      </span>
                      <br/>
                      <span>
                        <img src="passed.png" width="3%"/>
                        <a href="#" panel-name="suite-Regression_Suite" title="testPkg.SearchFunctionalityTest" class="method navigator-link" hash-for-method="negativeSearchFunctionalityDataDrivenTestClickingSearchBtn(*^(*^*(^*@^*@(*89898342230957329523891)">negativeSearchFunctionalityDataDrivenTestClickingSearchBtn(*^(*^*(^*@^*@(*89898342230957329523891)</a> <!-- method navigator-link -->
                      </span>
                      <br/>
                      <span>
                        <img src="passed.png" width="3%"/>
                        <a href="#" panel-name="suite-Regression_Suite" title="testPkg.SearchFunctionalityTest" class="method navigator-link" hash-for-method="negativeSearchFunctionalityDataDrivenTestHittingEnterKey(*^(*^*(^*@^*@(*89898342230957329523891)">negativeSearchFunctionalityDataDrivenTestHittingEnterKey(*^(*^*(^*@^*@(*89898342230957329523891)</a> <!-- method navigator-link -->
                      </span>
                      <br/>
                      <span>
                        <img src="passed.png" width="3%"/>
                        <a href="#" panel-name="suite-Regression_Suite" title="testPkg.SearchFunctionalityTest" class="method navigator-link" hash-for-method="positiveSearchFunctionalityDataDrivenTestClickSearchBtn(pixel)">positiveSearchFunctionalityDataDrivenTestClickSearchBtn(pixel)</a> <!-- method navigator-link -->
                      </span>
                      <br/>
                      <span>
                        <img src="passed.png" width="3%"/>
                        <a href="#" panel-name="suite-Regression_Suite" title="testPkg.SearchFunctionalityTest" class="method navigator-link" hash-for-method="positiveSearchFunctionalityDataDrivenTestClickSearchBtn(apple)">positiveSearchFunctionalityDataDrivenTestClickSearchBtn(apple)</a> <!-- method navigator-link -->
                      </span>
                      <br/>
                      <span>
                        <img src="passed.png" width="3%"/>
                        <a href="#" panel-name="suite-Regression_Suite" title="testPkg.SearchFunctionalityTest" class="method navigator-link" hash-for-method="positiveSearchFunctionalityDataDrivenTestHittingEnterKey(apple)">positiveSearchFunctionalityDataDrivenTestHittingEnterKey(apple)</a> <!-- method navigator-link -->
                      </span>
                      <br/>
                      <span>
                        <img src="passed.png" width="3%"/>
                        <a href="#" panel-name="suite-Regression_Suite" title="testPkg.SearchFunctionalityTest" class="method navigator-link" hash-for-method="positiveSearchFunctionalityDataDrivenTestHittingEnterKey(pixel)">positiveSearchFunctionalityDataDrivenTestHittingEnterKey(pixel)</a> <!-- method navigator-link -->
                      </span>
                      <br/>
                      <span>
                        <img src="passed.png" width="3%"/>
                        <a href="#" panel-name="suite-Regression_Suite" title="testPkg.SearchFunctionalityTest" class="method navigator-link" hash-for-method="positiveSearchFunctionalityDataDrivenTestHittingEnterKey(samsung)">positiveSearchFunctionalityDataDrivenTestHittingEnterKey(samsung)</a> <!-- method navigator-link -->
                      </span>
                      <br/>
                    </div> <!-- method-list-content passed suite-Regression_Suite -->
                  </li>
                </ul>
              </div> <!-- suite-section-content -->
            </div> <!-- result-section -->
          </div> <!-- navigator-suite-content -->
        </div> <!-- rounded-window -->
      </div> <!-- suite -->
    </div> <!-- navigator-root -->
    <div class="wrapper">
      <div class="main-panel-root">
        <div panel-name="suite-Regression_Suite" class="panel Regression_Suite">
          <div class="suite-Regression_Suite-class-failed">
            <div class="main-panel-header rounded-window-top">
              <img src="failed.png"/>
              <span class="class-name">testPkg.SearchFunctionalityTest</span>
            </div> <!-- main-panel-header rounded-window-top -->
            <div class="main-panel-content rounded-window-bottom">
              <div class="method">
                <div class="method-content">
                  <a name="negativeSearchFunctionalityDataDrivenTestHittingEnterKey(*^(*^*(^*@^*@(*89898342230957329523890)">
                  </a> <!-- negativeSearchFunctionalityDataDrivenTestHittingEnterKey(*^(*^*(^*@^*@(*89898342230957329523890) -->
                  <span class="method-name">negativeSearchFunctionalityDataDrivenTestHittingEnterKey</span>
                  <span class="parameters">(*^(*^*(^*@^*@(*89898342230957329523890)</span>
                  <div class="stack-trace">org.openqa.selenium.NoSuchElementException: no such element: Unable to locate element: {&quot;method&quot;:&quot;css selector&quot;,&quot;selector&quot;:&quot;#twotabsearchtextbox&quot;}
  (Session info: chrome=114.0.5735.248)
For documentation on this error, please visit: https://www.selenium.dev/documentation/webdriver/troubleshooting/errors#no-such-element-exception
Build info: version: &apos;4.10.0&apos;, revision: &apos;c14d967899&apos;
System info: os.name: &apos;Windows 10&apos;, os.arch: &apos;amd64&apos;, os.version: &apos;10.0&apos;, java.version: &apos;16.0.2&apos;
Driver info: org.openqa.selenium.chrome.ChromeDriver
Command: [f7e475292475d9e187f6469905dee7a9, findElement {using=id, value=twotabsearchtextbox}]
Capabilities {acceptInsecureCerts: false, browserName: chrome, browserVersion: 114.0.5735.248, chrome: {chromedriverVersion: 114.0.5735.90 (386bc09e8f4f..., userDataDir: C:\Users\User\AppData\Local...}, goog:chromeOptions: {debuggerAddress: localhost:56695}, networkConnectionEnabled: false, pageLoadStrategy: normal, platformName: windows, proxy: Proxy(), se:cdp: ws://localhost:56695/devtoo..., se:cdpVersion: 114.0.5735.248, setWindowRect: true, strictFileInteractability: false, timeouts: {implicit: 0, pageLoad: 300000, script: 30000}, unhandledPromptBehavior: dismiss and notify, webauthn:extension:credBlob: true, webauthn:extension:largeBlob: true, webauthn:extension:minPinLength: true, webauthn:extension:prf: true, webauthn:virtualAuthenticators: true}
Session ID: f7e475292475d9e187f6469905dee7a9
	at org.openqa.selenium.remote.codec.w3c.W3CHttpResponseCodec.createException(W3CHttpResponseCodec.java:199)
	at org.openqa.selenium.remote.codec.w3c.W3CHttpResponseCodec.decode(W3CHttpResponseCodec.java:132)
	at org.openqa.selenium.remote.codec.w3c.W3CHttpResponseCodec.decode(W3CHttpResponseCodec.java:51)
	at org.openqa.selenium.remote.HttpCommandExecutor.execute(HttpCommandExecutor.java:191)
	at org.openqa.selenium.remote.service.DriverCommandExecutor.invokeExecute(DriverCommandExecutor.java:196)
	at org.openqa.selenium.remote.service.DriverCommandExecutor.execute(DriverCommandExecutor.java:171)
	at org.openqa.selenium.remote.RemoteWebDriver.execute(RemoteWebDriver.java:531)
	at org.openqa.selenium.remote.ElementLocation$ElementFinder$2.findElement(ElementLocation.java:165)
	at org.openqa.selenium.remote.ElementLocation.findElement(ElementLocation.java:66)
	at org.openqa.selenium.remote.RemoteWebDriver.findElement(RemoteWebDriver.java:350)
	at org.openqa.selenium.remote.RemoteWebDriver.findElement(RemoteWebDriver.java:344)
	at org.openqa.selenium.support.pagefactory.DefaultElementLocator.findElement(DefaultElementLocator.java:68)
	at org.openqa.selenium.support.pagefactory.internal.LocatingElementHandler.invoke(LocatingElementHandler.java:38)
	at jdk.proxy2/jdk.proxy2.$Proxy17.sendKeys(Unknown Source)
	at pageFactory.HomePage.enterProductInSearchTxtBox(HomePage.java:25)
	at testPkg.SearchFunctionalityTest.negativeSearchFunctionalityDataDrivenTestHittingEnterKey(SearchFunctionalityTest.java:51)
	at java.base/java.util.ArrayList.forEach(ArrayList.java:1511)
... Removed 32 stack frames
</div> <!-- stack-trace -->
                </div> <!-- method-content -->
              </div> <!-- method -->
              <div class="method">
                <div class="method-content">
                  <a name="positiveSearchFunctionalityDataDrivenTestClickSearchBtn(samsung)">
                  </a> <!-- positiveSearchFunctionalityDataDrivenTestClickSearchBtn(samsung) -->
                  <span class="method-name">positiveSearchFunctionalityDataDrivenTestClickSearchBtn</span>
                  <span class="parameters">(samsung)</span>
                  <div class="stack-trace">org.openqa.selenium.NoSuchElementException: no such element: Unable to locate element: {&quot;method&quot;:&quot;css selector&quot;,&quot;selector&quot;:&quot;#twotabsearchtextbox&quot;}
  (Session info: chrome=114.0.5735.248)
For documentation on this error, please visit: https://www.selenium.dev/documentation/webdriver/troubleshooting/errors#no-such-element-exception
Build info: version: &apos;4.10.0&apos;, revision: &apos;c14d967899&apos;
System info: os.name: &apos;Windows 10&apos;, os.arch: &apos;amd64&apos;, os.version: &apos;10.0&apos;, java.version: &apos;16.0.2&apos;
Driver info: org.openqa.selenium.chrome.ChromeDriver
Command: [de3873b455e9d2a732148ea3b38f2613, findElement {using=id, value=twotabsearchtextbox}]
Capabilities {acceptInsecureCerts: false, browserName: chrome, browserVersion: 114.0.5735.248, chrome: {chromedriverVersion: 114.0.5735.90 (386bc09e8f4f..., userDataDir: C:\Users\User\AppData\Local...}, goog:chromeOptions: {debuggerAddress: localhost:57036}, networkConnectionEnabled: false, pageLoadStrategy: normal, platformName: windows, proxy: Proxy(), se:cdp: ws://localhost:57036/devtoo..., se:cdpVersion: 114.0.5735.248, setWindowRect: true, strictFileInteractability: false, timeouts: {implicit: 0, pageLoad: 300000, script: 30000}, unhandledPromptBehavior: dismiss and notify, webauthn:extension:credBlob: true, webauthn:extension:largeBlob: true, webauthn:extension:minPinLength: true, webauthn:extension:prf: true, webauthn:virtualAuthenticators: true}
Session ID: de3873b455e9d2a732148ea3b38f2613
	at org.openqa.selenium.remote.codec.w3c.W3CHttpResponseCodec.createException(W3CHttpResponseCodec.java:199)
	at org.openqa.selenium.remote.codec.w3c.W3CHttpResponseCodec.decode(W3CHttpResponseCodec.java:132)
	at org.openqa.selenium.remote.codec.w3c.W3CHttpResponseCodec.decode(W3CHttpResponseCodec.java:51)
	at org.openqa.selenium.remote.HttpCommandExecutor.execute(HttpCommandExecutor.java:191)
	at org.openqa.selenium.remote.service.DriverCommandExecutor.invokeExecute(DriverCommandExecutor.java:196)
	at org.openqa.selenium.remote.service.DriverCommandExecutor.execute(DriverCommandExecutor.java:171)
	at org.openqa.selenium.remote.RemoteWebDriver.execute(RemoteWebDriver.java:531)
	at org.openqa.selenium.remote.ElementLocation$ElementFinder$2.findElement(ElementLocation.java:165)
	at org.openqa.selenium.remote.ElementLocation.findElement(ElementLocation.java:66)
	at org.openqa.selenium.remote.RemoteWebDriver.findElement(RemoteWebDriver.java:350)
	at org.openqa.selenium.remote.RemoteWebDriver.findElement(RemoteWebDriver.java:344)
	at org.openqa.selenium.support.pagefactory.DefaultElementLocator.findElement(DefaultElementLocator.java:68)
	at org.openqa.selenium.support.pagefactory.internal.LocatingElementHandler.invoke(LocatingElementHandler.java:38)
	at jdk.proxy2/jdk.proxy2.$Proxy17.sendKeys(Unknown Source)
	at pageFactory.HomePage.enterProductInSearchTxtBox(HomePage.java:25)
	at testPkg.SearchFunctionalityTest.positiveSearchFunctionalityDataDrivenTestClickSearchBtn(SearchFunctionalityTest.java:42)
	at java.base/java.util.ArrayList.forEach(ArrayList.java:1511)
... Removed 32 stack frames
</div> <!-- stack-trace -->
                </div> <!-- method-content -->
              </div> <!-- method -->
            </div> <!-- main-panel-content rounded-window-bottom -->
          </div> <!-- suite-Regression_Suite-class-failed -->
          <div class="suite-Regression_Suite-class-failed">
            <div class="main-panel-header rounded-window-top">
              <img src="failed.png"/>
              <span class="class-name">testPkg.HomePageTest</span>
            </div> <!-- main-panel-header rounded-window-top -->
            <div class="main-panel-content rounded-window-bottom">
              <div class="method">
                <div class="method-content">
                  <a name="homepageMenuLinkTest(Clinic)">
                  </a> <!-- homepageMenuLinkTest(Clinic) -->
                  <span class="method-name">homepageMenuLinkTest</span>
                  <span class="parameters">(Clinic)</span>
                  <div class="stack-trace">org.openqa.selenium.NoSuchElementException: no such element: Unable to locate element: {&quot;method&quot;:&quot;link text&quot;,&quot;selector&quot;:&quot;Clinic&quot;}
  (Session info: chrome=114.0.5735.248)
For documentation on this error, please visit: https://www.selenium.dev/documentation/webdriver/troubleshooting/errors#no-such-element-exception
Build info: version: &apos;4.10.0&apos;, revision: &apos;c14d967899&apos;
System info: os.name: &apos;Windows 10&apos;, os.arch: &apos;amd64&apos;, os.version: &apos;10.0&apos;, java.version: &apos;16.0.2&apos;
Driver info: org.openqa.selenium.chrome.ChromeDriver
Command: [c2e9d6def9e4f6f021c0996b1f860769, findElement {using=link text, value=Clinic}]
Capabilities {acceptInsecureCerts: false, browserName: chrome, browserVersion: 114.0.5735.248, chrome: {chromedriverVersion: 114.0.5735.90 (386bc09e8f4f..., userDataDir: C:\Users\User\AppData\Local...}, goog:chromeOptions: {debuggerAddress: localhost:56010}, networkConnectionEnabled: false, pageLoadStrategy: normal, platformName: windows, proxy: Proxy(), se:cdp: ws://localhost:56010/devtoo..., se:cdpVersion: 114.0.5735.248, setWindowRect: true, strictFileInteractability: false, timeouts: {implicit: 0, pageLoad: 300000, script: 30000}, unhandledPromptBehavior: dismiss and notify, webauthn:extension:credBlob: true, webauthn:extension:largeBlob: true, webauthn:extension:minPinLength: true, webauthn:extension:prf: true, webauthn:virtualAuthenticators: true}
Session ID: c2e9d6def9e4f6f021c0996b1f860769
	at org.openqa.selenium.remote.codec.w3c.W3CHttpResponseCodec.createException(W3CHttpResponseCodec.java:199)
	at org.openqa.selenium.remote.codec.w3c.W3CHttpResponseCodec.decode(W3CHttpResponseCodec.java:132)
	at org.openqa.selenium.remote.codec.w3c.W3CHttpResponseCodec.decode(W3CHttpResponseCodec.java:51)
	at org.openqa.selenium.remote.HttpCommandExecutor.execute(HttpCommandExecutor.java:191)
	at org.openqa.selenium.remote.service.DriverCommandExecutor.invokeExecute(DriverCommandExecutor.java:196)
	at org.openqa.selenium.remote.service.DriverCommandExecutor.execute(DriverCommandExecutor.java:171)
	at org.openqa.selenium.remote.RemoteWebDriver.execute(RemoteWebDriver.java:531)
	at org.openqa.selenium.remote.ElementLocation$ElementFinder$2.findElement(ElementLocation.java:165)
	at org.openqa.selenium.remote.ElementLocation.findElement(ElementLocation.java:59)
	at org.openqa.selenium.remote.RemoteWebDriver.findElement(RemoteWebDriver.java:350)
	at org.openqa.selenium.remote.RemoteWebDriver.findElement(RemoteWebDriver.java:344)
	at pageFactory.HomePage.clickHomePageMenuLink(HomePage.java:33)
	at testPkg.HomePageTest.homepageMenuLinkTest(HomePageTest.java:27)
	at java.base/java.util.ArrayList.forEach(ArrayList.java:1511)
... Removed 32 stack frames
</div> <!-- stack-trace -->
                </div> <!-- method-content -->
              </div> <!-- method -->
              <div class="method">
                <div class="method-content">
                  <a name="homepageMenuLinkTest(Music)">
                  </a> <!-- homepageMenuLinkTest(Music) -->
                  <span class="method-name">homepageMenuLinkTest</span>
                  <span class="parameters">(Music)</span>
                  <div class="stack-trace">org.openqa.selenium.NoSuchElementException: no such element: Unable to locate element: {&quot;method&quot;:&quot;link text&quot;,&quot;selector&quot;:&quot;Music&quot;}
  (Session info: chrome=114.0.5735.248)
For documentation on this error, please visit: https://www.selenium.dev/documentation/webdriver/troubleshooting/errors#no-such-element-exception
Build info: version: &apos;4.10.0&apos;, revision: &apos;c14d967899&apos;
System info: os.name: &apos;Windows 10&apos;, os.arch: &apos;amd64&apos;, os.version: &apos;10.0&apos;, java.version: &apos;16.0.2&apos;
Driver info: org.openqa.selenium.chrome.ChromeDriver
Command: [7f634227806ef1dd32d8104d6cab1085, findElement {using=link text, value=Music}]
Capabilities {acceptInsecureCerts: false, browserName: chrome, browserVersion: 114.0.5735.248, chrome: {chromedriverVersion: 114.0.5735.90 (386bc09e8f4f..., userDataDir: C:\Users\User\AppData\Local...}, goog:chromeOptions: {debuggerAddress: localhost:56213}, networkConnectionEnabled: false, pageLoadStrategy: normal, platformName: windows, proxy: Proxy(), se:cdp: ws://localhost:56213/devtoo..., se:cdpVersion: 114.0.5735.248, setWindowRect: true, strictFileInteractability: false, timeouts: {implicit: 0, pageLoad: 300000, script: 30000}, unhandledPromptBehavior: dismiss and notify, webauthn:extension:credBlob: true, webauthn:extension:largeBlob: true, webauthn:extension:minPinLength: true, webauthn:extension:prf: true, webauthn:virtualAuthenticators: true}
Session ID: 7f634227806ef1dd32d8104d6cab1085
	at org.openqa.selenium.remote.codec.w3c.W3CHttpResponseCodec.createException(W3CHttpResponseCodec.java:199)
	at org.openqa.selenium.remote.codec.w3c.W3CHttpResponseCodec.decode(W3CHttpResponseCodec.java:132)
	at org.openqa.selenium.remote.codec.w3c.W3CHttpResponseCodec.decode(W3CHttpResponseCodec.java:51)
	at org.openqa.selenium.remote.HttpCommandExecutor.execute(HttpCommandExecutor.java:191)
	at org.openqa.selenium.remote.service.DriverCommandExecutor.invokeExecute(DriverCommandExecutor.java:196)
	at org.openqa.selenium.remote.service.DriverCommandExecutor.execute(DriverCommandExecutor.java:171)
	at org.openqa.selenium.remote.RemoteWebDriver.execute(RemoteWebDriver.java:531)
	at org.openqa.selenium.remote.ElementLocation$ElementFinder$2.findElement(ElementLocation.java:165)
	at org.openqa.selenium.remote.ElementLocation.findElement(ElementLocation.java:59)
	at org.openqa.selenium.remote.RemoteWebDriver.findElement(RemoteWebDriver.java:350)
	at org.openqa.selenium.remote.RemoteWebDriver.findElement(RemoteWebDriver.java:344)
	at pageFactory.HomePage.clickHomePageMenuLink(HomePage.java:33)
	at testPkg.HomePageTest.homepageMenuLinkTest(HomePageTest.java:27)
	at java.base/java.util.ArrayList.forEach(ArrayList.java:1511)
... Removed 32 stack frames
</div> <!-- stack-trace -->
                </div> <!-- method-content -->
              </div> <!-- method -->
            </div> <!-- main-panel-content rounded-window-bottom -->
          </div> <!-- suite-Regression_Suite-class-failed -->
          <div class="suite-Regression_Suite-class-passed">
            <div class="main-panel-header rounded-window-top">
              <img src="passed.png"/>
              <span class="class-name">testPkg.SearchFunctionalityTest</span>
            </div> <!-- main-panel-header rounded-window-top -->
            <div class="main-panel-content rounded-window-bottom">
              <div class="method">
                <div class="method-content">
                  <a name="negativeSearchFunctionalityDataDrivenTestClickingSearchBtn(*^(*^*(^*@^*@(*89898342230957329523890)">
                  </a> <!-- negativeSearchFunctionalityDataDrivenTestClickingSearchBtn(*^(*^*(^*@^*@(*89898342230957329523890) -->
                  <span class="method-name">negativeSearchFunctionalityDataDrivenTestClickingSearchBtn</span>
                  <span class="parameters">(*^(*^*(^*@^*@(*89898342230957329523890)</span>
                </div> <!-- method-content -->
              </div> <!-- method -->
              <div class="method">
                <div class="method-content">
                  <a name="negativeSearchFunctionalityDataDrivenTestClickingSearchBtn(*^(*^*(^*@^*@(*89898342230957329523891)">
                  </a> <!-- negativeSearchFunctionalityDataDrivenTestClickingSearchBtn(*^(*^*(^*@^*@(*89898342230957329523891) -->
                  <span class="method-name">negativeSearchFunctionalityDataDrivenTestClickingSearchBtn</span>
                  <span class="parameters">(*^(*^*(^*@^*@(*89898342230957329523891)</span>
                </div> <!-- method-content -->
              </div> <!-- method -->
              <div class="method">
                <div class="method-content">
                  <a name="negativeSearchFunctionalityDataDrivenTestHittingEnterKey(*^(*^*(^*@^*@(*89898342230957329523891)">
                  </a> <!-- negativeSearchFunctionalityDataDrivenTestHittingEnterKey(*^(*^*(^*@^*@(*89898342230957329523891) -->
                  <span class="method-name">negativeSearchFunctionalityDataDrivenTestHittingEnterKey</span>
                  <span class="parameters">(*^(*^*(^*@^*@(*89898342230957329523891)</span>
                </div> <!-- method-content -->
              </div> <!-- method -->
              <div class="method">
                <div class="method-content">
                  <a name="positiveSearchFunctionalityDataDrivenTestClickSearchBtn(pixel)">
                  </a> <!-- positiveSearchFunctionalityDataDrivenTestClickSearchBtn(pixel) -->
                  <span class="method-name">positiveSearchFunctionalityDataDrivenTestClickSearchBtn</span>
                  <span class="parameters">(pixel)</span>
                </div> <!-- method-content -->
              </div> <!-- method -->
              <div class="method">
                <div class="method-content">
                  <a name="positiveSearchFunctionalityDataDrivenTestClickSearchBtn(apple)">
                  </a> <!-- positiveSearchFunctionalityDataDrivenTestClickSearchBtn(apple) -->
                  <span class="method-name">positiveSearchFunctionalityDataDrivenTestClickSearchBtn</span>
                  <span class="parameters">(apple)</span>
                </div> <!-- method-content -->
              </div> <!-- method -->
              <div class="method">
                <div class="method-content">
                  <a name="positiveSearchFunctionalityDataDrivenTestHittingEnterKey(apple)">
                  </a> <!-- positiveSearchFunctionalityDataDrivenTestHittingEnterKey(apple) -->
                  <span class="method-name">positiveSearchFunctionalityDataDrivenTestHittingEnterKey</span>
                  <span class="parameters">(apple)</span>
                </div> <!-- method-content -->
              </div> <!-- method -->
              <div class="method">
                <div class="method-content">
                  <a name="positiveSearchFunctionalityDataDrivenTestHittingEnterKey(pixel)">
                  </a> <!-- positiveSearchFunctionalityDataDrivenTestHittingEnterKey(pixel) -->
                  <span class="method-name">positiveSearchFunctionalityDataDrivenTestHittingEnterKey</span>
                  <span class="parameters">(pixel)</span>
                </div> <!-- method-content -->
              </div> <!-- method -->
              <div class="method">
                <div class="method-content">
                  <a name="positiveSearchFunctionalityDataDrivenTestHittingEnterKey(samsung)">
                  </a> <!-- positiveSearchFunctionalityDataDrivenTestHittingEnterKey(samsung) -->
                  <span class="method-name">positiveSearchFunctionalityDataDrivenTestHittingEnterKey</span>
                  <span class="parameters">(samsung)</span>
                </div> <!-- method-content -->
              </div> <!-- method -->
            </div> <!-- main-panel-content rounded-window-bottom -->
          </div> <!-- suite-Regression_Suite-class-passed -->
          <div class="suite-Regression_Suite-class-passed">
            <div class="main-panel-header rounded-window-top">
              <img src="passed.png"/>
              <span class="class-name">testPkg.HomePageTest</span>
            </div> <!-- main-panel-header rounded-window-top -->
            <div class="main-panel-content rounded-window-bottom">
              <div class="method">
                <div class="method-content">
                  <a name="homepageMenuLinkTest(Books)">
                  </a> <!-- homepageMenuLinkTest(Books) -->
                  <span class="method-name">homepageMenuLinkTest</span>
                  <span class="parameters">(Books)</span>
                </div> <!-- method-content -->
              </div> <!-- method -->
            </div> <!-- main-panel-content rounded-window-bottom -->
          </div> <!-- suite-Regression_Suite-class-passed -->
        </div> <!-- panel Regression_Suite -->
        <div panel-name="test-xml-Regression_Suite" class="panel">
          <div class="main-panel-header rounded-window-top">
            <span class="header-content">C:\Users\User\eclipse-workspace\DecemberBatch\packageLevelExecution.xml</span>
          </div> <!-- main-panel-header rounded-window-top -->
          <div class="main-panel-content rounded-window-bottom">
            <pre>
&lt;?xml version=&quot;1.0&quot; encoding=&quot;UTF-8&quot;?&gt;
&lt;!DOCTYPE suite SYSTEM &quot;https://testng.org/testng-1.0.dtd&quot;&gt;
&lt;suite name=&quot;Regression Suite&quot; guice-stage=&quot;DEVELOPMENT&quot;&gt;
  &lt;test thread-count=&quot;5&quot; name=&quot;Release 1.0 Regression Test&quot;&gt;
    &lt;packages&gt;
      &lt;package name=&quot;testPkg&quot;/&gt;
    &lt;/packages&gt;
    &lt;classes&gt;
      &lt;class name=&quot;testPkg.HomePageTest&quot;/&gt;
      &lt;class name=&quot;testPkg.SearchFunctionalityTest&quot;/&gt;
    &lt;/classes&gt;
  &lt;/test&gt; &lt;!-- Release 1.0 Regression Test --&gt;
&lt;/suite&gt; &lt;!-- Regression Suite --&gt;
            </pre>
          </div> <!-- main-panel-content rounded-window-bottom -->
        </div> <!-- panel -->
        <div panel-name="testlist-Regression_Suite" class="panel">
          <div class="main-panel-header rounded-window-top">
            <span class="header-content">Tests for Regression Suite</span>
          </div> <!-- main-panel-header rounded-window-top -->
          <div class="main-panel-content rounded-window-bottom">
            <ul>
              <li>
                <span class="test-name">Release 1.0 Regression Test (2 classes)</span>
              </li>
            </ul>
          </div> <!-- main-panel-content rounded-window-bottom -->
        </div> <!-- panel -->
        <div panel-name="group-Regression_Suite" class="panel">
          <div class="main-panel-header rounded-window-top">
            <span class="header-content">Groups for Regression Suite</span>
          </div> <!-- main-panel-header rounded-window-top -->
          <div class="main-panel-content rounded-window-bottom">
          </div> <!-- main-panel-content rounded-window-bottom -->
        </div> <!-- panel -->
        <div panel-name="times-Regression_Suite" class="panel">
          <div class="main-panel-header rounded-window-top">
            <span class="header-content">Times for Regression Suite</span>
          </div> <!-- main-panel-header rounded-window-top -->
          <div class="main-panel-content rounded-window-bottom">
            <div class="times-div">
              <script type="text/javascript">
suiteTableInitFunctions.push('tableData_Regression_Suite');
function tableData_Regression_Suite() {
var data = new google.visualization.DataTable();
data.addColumn('number', 'Number');
data.addColumn('string', 'Method');
data.addColumn('string', 'Class');
data.addColumn('number', 'Time (ms)');
data.addRows(13);
data.setCell(0, 0, 0)
data.setCell(0, 1, 'homepageMenuLinkTest')
data.setCell(0, 2, 'testPkg.HomePageTest')
data.setCell(0, 3, 26424);
data.setCell(1, 0, 1)
data.setCell(1, 1, 'negativeSearchFunctionalityDataDrivenTestClickingSearchBtn')
data.setCell(1, 2, 'testPkg.SearchFunctionalityTest')
data.setCell(1, 3, 18771);
data.setCell(2, 0, 2)
data.setCell(2, 1, 'negativeSearchFunctionalityDataDrivenTestClickingSearchBtn')
data.setCell(2, 2, 'testPkg.SearchFunctionalityTest')
data.setCell(2, 3, 17291);
data.setCell(3, 0, 3)
data.setCell(3, 1, 'positiveSearchFunctionalityDataDrivenTestClickSearchBtn')
data.setCell(3, 2, 'testPkg.SearchFunctionalityTest')
data.setCell(3, 3, 15320);
data.setCell(4, 0, 4)
data.setCell(4, 1, 'homepageMenuLinkTest')
data.setCell(4, 2, 'testPkg.HomePageTest')
data.setCell(4, 3, 15110);
data.setCell(5, 0, 5)
data.setCell(5, 1, 'positiveSearchFunctionalityDataDrivenTestClickSearchBtn')
data.setCell(5, 2, 'testPkg.SearchFunctionalityTest')
data.setCell(5, 3, 15096);
data.setCell(6, 0, 6)
data.setCell(6, 1, 'negativeSearchFunctionalityDataDrivenTestHittingEnterKey')
data.setCell(6, 2, 'testPkg.SearchFunctionalityTest')
data.setCell(6, 3, 15084);
data.setCell(7, 0, 7)
data.setCell(7, 1, 'positiveSearchFunctionalityDataDrivenTestHittingEnterKey')
data.setCell(7, 2, 'testPkg.SearchFunctionalityTest')
data.setCell(7, 3, 13972);
data.setCell(8, 0, 8)
data.setCell(8, 1, 'positiveSearchFunctionalityDataDrivenTestHittingEnterKey')
data.setCell(8, 2, 'testPkg.SearchFunctionalityTest')
data.setCell(8, 3, 12305);
data.setCell(9, 0, 9)
data.setCell(9, 1, 'positiveSearchFunctionalityDataDrivenTestClickSearchBtn')
data.setCell(9, 2, 'testPkg.SearchFunctionalityTest')
data.setCell(9, 3, 11385);
data.setCell(10, 0, 10)
data.setCell(10, 1, 'homepageMenuLinkTest')
data.setCell(10, 2, 'testPkg.HomePageTest')
data.setCell(10, 3, 10991);
data.setCell(11, 0, 11)
data.setCell(11, 1, 'positiveSearchFunctionalityDataDrivenTestHittingEnterKey')
data.setCell(11, 2, 'testPkg.SearchFunctionalityTest')
data.setCell(11, 3, 9607);
data.setCell(12, 0, 12)
data.setCell(12, 1, 'negativeSearchFunctionalityDataDrivenTestHittingEnterKey')
data.setCell(12, 2, 'testPkg.SearchFunctionalityTest')
data.setCell(12, 3, 8116);
window.suiteTableData['Regression_Suite']= { tableData: data, tableDiv: 'times-div-Regression_Suite'}
return data;
}
              </script>
              <span class="suite-total-time">Total running time: 3 minutes</span>
              <div id="times-div-Regression_Suite">
              </div> <!-- times-div-Regression_Suite -->
            </div> <!-- times-div -->
          </div> <!-- main-panel-content rounded-window-bottom -->
        </div> <!-- panel -->
        <div panel-name="reporter-Regression_Suite" class="panel">
          <div class="main-panel-header rounded-window-top">
            <span class="header-content">Reporter output for Regression Suite</span>
          </div> <!-- main-panel-header rounded-window-top -->
          <div class="main-panel-content rounded-window-bottom">
          </div> <!-- main-panel-content rounded-window-bottom -->
        </div> <!-- panel -->
        <div panel-name="ignored-methods-Regression_Suite" class="panel">
          <div class="main-panel-header rounded-window-top">
            <span class="header-content">0 ignored methods</span>
          </div> <!-- main-panel-header rounded-window-top -->
          <div class="main-panel-content rounded-window-bottom">
          </div> <!-- main-panel-content rounded-window-bottom -->
        </div> <!-- panel -->
        <div panel-name="chronological-Regression_Suite" class="panel">
          <div class="main-panel-header rounded-window-top">
            <span class="header-content">Methods in chronological order</span>
          </div> <!-- main-panel-header rounded-window-top -->
          <div class="main-panel-content rounded-window-bottom">
            <div class="chronological-class">
              <div class="chronological-class-name">testPkg.HomePageTest</div> <!-- chronological-class-name -->
              <div class="configuration-method before">
                <span class="method-name">loadApp</span>
                <span class="method-start">0 ms</span>
              </div> <!-- configuration-method before -->
              <div class="test-method">
                <img src="failed.png">
                </img>
                <span class="method-name">homepageMenuLinkTest(Clinic)</span>
                <span class="method-start">43249 ms</span>
              </div> <!-- test-method -->
              <div class="configuration-method after">
                <span class="method-name">closeApp</span>
                <span class="method-start">69832 ms</span>
              </div> <!-- configuration-method after -->
              <div class="configuration-method before">
                <span class="method-name">loadApp</span>
                <span class="method-start">76487 ms</span>
              </div> <!-- configuration-method before -->
              <div class="test-method">
                <img src="failed.png">
                </img>
                <span class="method-name">homepageMenuLinkTest(Music)</span>
                <span class="method-start">84766 ms</span>
              </div> <!-- test-method -->
              <div class="configuration-method after">
                <span class="method-name">closeApp</span>
                <span class="method-start">99881 ms</span>
              </div> <!-- configuration-method after -->
              <div class="configuration-method before">
                <span class="method-name">loadApp</span>
                <span class="method-start">100549 ms</span>
              </div> <!-- configuration-method before -->
              <div class="test-method">
                <span class="method-name">homepageMenuLinkTest(Books)</span>
                <span class="method-start">114624 ms</span>
              </div> <!-- test-method -->
              <div class="configuration-method after">
                <span class="method-name">closeApp</span>
                <span class="method-start">125620 ms</span>
              </div> <!-- configuration-method after -->
            </div> <!-- chronological-class -->
            <div class="chronological-class">
              <div class="chronological-class-name">testPkg.SearchFunctionalityTest</div> <!-- chronological-class-name -->
              <div class="configuration-method before">
                <span class="method-name">loadApp</span>
                <span class="method-start">127430 ms</span>
              </div> <!-- configuration-method before -->
              <div class="test-method">
                <span class="method-name">negativeSearchFunctionalityDataDrivenTestClickingSearchBtn(*^(*^*(^*@^*@(*89898342230957329523890)</span>
                <span class="method-start">141382 ms</span>
              </div> <!-- test-method -->
              <div class="configuration-method after">
                <span class="method-name">closeApp</span>
                <span class="method-start">158682 ms</span>
              </div> <!-- configuration-method after -->
              <div class="configuration-method before">
                <span class="method-name">loadApp</span>
                <span class="method-start">160750 ms</span>
              </div> <!-- configuration-method before -->
              <div class="test-method">
                <span class="method-name">negativeSearchFunctionalityDataDrivenTestClickingSearchBtn(*^(*^*(^*@^*@(*89898342230957329523891)</span>
                <span class="method-start">171418 ms</span>
              </div> <!-- test-method -->
              <div class="configuration-method after">
                <span class="method-name">closeApp</span>
                <span class="method-start">190197 ms</span>
              </div> <!-- configuration-method after -->
              <div class="configuration-method before">
                <span class="method-name">loadApp</span>
                <span class="method-start">191263 ms</span>
              </div> <!-- configuration-method before -->
              <div class="test-method">
                <img src="failed.png">
                </img>
                <span class="method-name">negativeSearchFunctionalityDataDrivenTestHittingEnterKey(*^(*^*(^*@^*@(*89898342230957329523890)</span>
                <span class="method-start">197477 ms</span>
              </div> <!-- test-method -->
              <div class="configuration-method after">
                <span class="method-name">closeApp</span>
                <span class="method-start">212568 ms</span>
              </div> <!-- configuration-method after -->
              <div class="configuration-method before">
                <span class="method-name">loadApp</span>
                <span class="method-start">213790 ms</span>
              </div> <!-- configuration-method before -->
              <div class="test-method">
                <span class="method-name">negativeSearchFunctionalityDataDrivenTestHittingEnterKey(*^(*^*(^*@^*@(*89898342230957329523891)</span>
                <span class="method-start">229363 ms</span>
              </div> <!-- test-method -->
              <div class="configuration-method after">
                <span class="method-name">closeApp</span>
                <span class="method-start">237483 ms</span>
              </div> <!-- configuration-method after -->
              <div class="configuration-method before">
                <span class="method-name">loadApp</span>
                <span class="method-start">238522 ms</span>
              </div> <!-- configuration-method before -->
              <div class="test-method">
                <span class="method-name">positiveSearchFunctionalityDataDrivenTestClickSearchBtn(apple)</span>
                <span class="method-start">251272 ms</span>
              </div> <!-- test-method -->
              <div class="configuration-method after">
                <span class="method-name">closeApp</span>
                <span class="method-start">262661 ms</span>
              </div> <!-- configuration-method after -->
              <div class="configuration-method before">
                <span class="method-name">loadApp</span>
                <span class="method-start">263796 ms</span>
              </div> <!-- configuration-method before -->
              <div class="test-method">
                <img src="failed.png">
                </img>
                <span class="method-name">positiveSearchFunctionalityDataDrivenTestClickSearchBtn(samsung)</span>
                <span class="method-start">273147 ms</span>
              </div> <!-- test-method -->
              <div class="configuration-method after">
                <span class="method-name">closeApp</span>
                <span class="method-start">288254 ms</span>
              </div> <!-- configuration-method after -->
              <div class="configuration-method before">
                <span class="method-name">loadApp</span>
                <span class="method-start">289316 ms</span>
              </div> <!-- configuration-method before -->
              <div class="test-method">
                <span class="method-name">positiveSearchFunctionalityDataDrivenTestClickSearchBtn(pixel)</span>
                <span class="method-start">302392 ms</span>
              </div> <!-- test-method -->
              <div class="configuration-method after">
                <span class="method-name">closeApp</span>
                <span class="method-start">317715 ms</span>
              </div> <!-- configuration-method after -->
              <div class="configuration-method before">
                <span class="method-name">loadApp</span>
                <span class="method-start">319037 ms</span>
              </div> <!-- configuration-method before -->
              <div class="test-method">
                <span class="method-name">positiveSearchFunctionalityDataDrivenTestHittingEnterKey(apple)</span>
                <span class="method-start">330353 ms</span>
              </div> <!-- test-method -->
              <div class="configuration-method after">
                <span class="method-name">closeApp</span>
                <span class="method-start">339963 ms</span>
              </div> <!-- configuration-method after -->
              <div class="configuration-method before">
                <span class="method-name">loadApp</span>
                <span class="method-start">340890 ms</span>
              </div> <!-- configuration-method before -->
              <div class="test-method">
                <span class="method-name">positiveSearchFunctionalityDataDrivenTestHittingEnterKey(samsung)</span>
                <span class="method-start">351241 ms</span>
              </div> <!-- test-method -->
              <div class="configuration-method after">
                <span class="method-name">closeApp</span>
                <span class="method-start">365219 ms</span>
              </div> <!-- configuration-method after -->
              <div class="configuration-method before">
                <span class="method-name">loadApp</span>
                <span class="method-start">366152 ms</span>
              </div> <!-- configuration-method before -->
              <div class="test-method">
                <span class="method-name">positiveSearchFunctionalityDataDrivenTestHittingEnterKey(pixel)</span>
                <span class="method-start">379918 ms</span>
              </div> <!-- test-method -->
              <div class="configuration-method after">
                <span class="method-name">closeApp</span>
                <span class="method-start">392228 ms</span>
              </div> <!-- configuration-method after -->
          </div> <!-- main-panel-content rounded-window-bottom -->
        </div> <!-- panel -->
      </div> <!-- main-panel-root -->
    </div> <!-- wrapper -->
  </body>
<script type="text/javascript" src="testng-reports2.js"></script>
</html>
